#
# There is insufficient memory for the Java Runtime Environment to continue.
# Native memory allocation (malloc) failed to allocate 1395376 bytes for Chunk::new
# Possible reasons:
#   The system is out of physical RAM or swap space
#   The process is running with CompressedOops enabled, and the Java Heap may be blocking the growth of the native heap
# Possible solutions:
#   Reduce memory load on the system
#   Increase physical memory or swap space
#   Check if swap backing store is full
#   Decrease Java heap size (-Xmx/-Xms)
#   Decrease number of Java threads
#   Decrease Java thread stack sizes (-Xss)
#   Set larger code cache with -XX:ReservedCodeCacheSize=
#   JVM is running with Unscaled Compressed Oops mode in which the Java heap is
#     placed in the first 4GB address space. The Java Heap base address is the
#     maximum limit for the native heap growth. Please use -XX:HeapBaseMinAddress
#     to set the Java Heap base and to place the Java Heap above 4GB virtual address.
# This output file may be truncated or incomplete.
#
#  Out of Memory Error (arena.cpp:168), pid=24340, tid=13888
#
# JRE version: Java(TM) SE Runtime Environment (21.0.2+13) (build 21.0.2+13-LTS-58)
# Java VM: Java HotSpot(TM) 64-Bit Server VM (21.0.2+13-LTS-58, mixed mode, sharing, tiered, compressed oops, compressed class ptrs, g1 gc, windows-amd64)
# No core dump will be written. Minidumps are not enabled by default on client versions of Windows
#

---------------  S U M M A R Y ------------

Command Line: -Dclassworlds.conf=C:\Program Files\NetBeans-21\netbeans\java\maven\bin\m2.conf -Dmaven.home=C:\Program Files\NetBeans-21\netbeans\java\maven -Dlibrary.jansi.path=C:\Program Files\NetBeans-21\netbeans\java\maven\lib\jansi-native -Dmaven.multiModuleProjectDirectory=C:\Users\yaple\Documents\NetBeansProjects\OOP org.codehaus.plexus.classworlds.launcher.Launcher -Dexec.vmArgs= -Dexec.args=${exec.vmArgs} -classpath %classpath ${exec.mainClass} ${exec.appArgs} -Dexec.executable=C:\Program Files\Java\jdk-21\bin\java.exe -Dexec.mainClass=com.oop.oop.main -Dexec.classpathScope=runtime -Dexec.appArgs= -Dmaven.ext.class.path=C:\Program Files\NetBeans-21\netbeans\java\maven-nblib\netbeans-eventspy.jar --no-transfer-progress process-classes org.codehaus.mojo:exec-maven-plugin:3.1.0:exec

Host: 11th Gen Intel(R) Core(TM) i3-1115G4 @ 3.00GHz, 4 cores, 7G,  Windows 11 , 64 bit Build 22621 (10.0.22621.3958)
Time: Wed Dec 11 11:09:12 2024 Malay Peninsula Standard Time elapsed time: 2.287768 seconds (0d 0h 0m 2s)

---------------  T H R E A D  ---------------

Current thread (0x000002a2fe79e4e0):  JavaThread "C2 CompilerThread1" daemon [_thread_in_native, id=13888, stack(0x000000bbed300000,0x000000bbed400000) (1024K)]


Current CompileTask:
C2:   2287 3725       4       java.lang.invoke.MethodType::makeImpl (109 bytes)

Stack: [0x000000bbed300000,0x000000bbed400000]
Native frames: (J=compiled Java code, j=interpreted, Vv=VM code, C=native code)
V  [jvm.dll+0x6cade9]
V  [jvm.dll+0x8569c1]
V  [jvm.dll+0x858d2e]
V  [jvm.dll+0x859413]
V  [jvm.dll+0x280e56]
V  [jvm.dll+0xc3f3d]
V  [jvm.dll+0xc4473]
V  [jvm.dll+0x3b5bf2]
V  [jvm.dll+0x382855]
V  [jvm.dll+0x381cca]
V  [jvm.dll+0x249bd0]
V  [jvm.dll+0x2491b1]
V  [jvm.dll+0x1c9634]
V  [jvm.dll+0x258859]
V  [jvm.dll+0x256e3a]
V  [jvm.dll+0x3ef6c6]
V  [jvm.dll+0x7ff568]
V  [jvm.dll+0x6c953d]
C  [ucrtbase.dll+0x29333]
C  [KERNEL32.DLL+0x1257d]
C  [ntdll.dll+0x5af08]


---------------  P R O C E S S  ---------------

Threads class SMR info:
_java_thread_list=0x000002a2fe6c7ca0, length=12, elements={
0x000002a2df7d0c10, 0x000002a2fd9edf00, 0x000002a2fd9ef640, 0x000002a2fd9f3c00,
0x000002a2fd9f6670, 0x000002a2fd9f70d0, 0x000002a2fd9f7b30, 0x000002a2fda04000,
0x000002a2fda04eb0, 0x000002a2fdc94da0, 0x000002a2fdc979f0, 0x000002a2fe79e4e0
}

Java Threads: ( => current thread )
  0x000002a2df7d0c10 JavaThread "main"                              [_thread_in_vm, id=31900, stack(0x000000bbebe00000,0x000000bbebf00000) (1024K)]
  0x000002a2fd9edf00 JavaThread "Reference Handler"          daemon [_thread_blocked, id=30424, stack(0x000000bbec600000,0x000000bbec700000) (1024K)]
  0x000002a2fd9ef640 JavaThread "Finalizer"                  daemon [_thread_blocked, id=28532, stack(0x000000bbec700000,0x000000bbec800000) (1024K)]
  0x000002a2fd9f3c00 JavaThread "Signal Dispatcher"          daemon [_thread_blocked, id=12476, stack(0x000000bbec800000,0x000000bbec900000) (1024K)]
  0x000002a2fd9f6670 JavaThread "Attach Listener"            daemon [_thread_blocked, id=5148, stack(0x000000bbec900000,0x000000bbeca00000) (1024K)]
  0x000002a2fd9f70d0 JavaThread "Service Thread"             daemon [_thread_blocked, id=20684, stack(0x000000bbeca00000,0x000000bbecb00000) (1024K)]
  0x000002a2fd9f7b30 JavaThread "Monitor Deflation Thread"   daemon [_thread_blocked, id=344, stack(0x000000bbecb00000,0x000000bbecc00000) (1024K)]
  0x000002a2fda04000 JavaThread "C2 CompilerThread0"         daemon [_thread_blocked, id=7388, stack(0x000000bbecc00000,0x000000bbecd00000) (1024K)]
  0x000002a2fda04eb0 JavaThread "C1 CompilerThread0"         daemon [_thread_blocked, id=12376, stack(0x000000bbecd00000,0x000000bbece00000) (1024K)]
  0x000002a2fdc94da0 JavaThread "Notification Thread"        daemon [_thread_blocked, id=14872, stack(0x000000bbece00000,0x000000bbecf00000) (1024K)]
  0x000002a2fdc979f0 JavaThread "Common-Cleaner"             daemon [_thread_blocked, id=20972, stack(0x000000bbecf00000,0x000000bbed000000) (1024K)]
=>0x000002a2fe79e4e0 JavaThread "C2 CompilerThread1"         daemon [_thread_in_native, id=13888, stack(0x000000bbed300000,0x000000bbed400000) (1024K)]
Total: 12

Other Threads:
  0x000002a2fd9cb370 VMThread "VM Thread"                           [id=31820, stack(0x000000bbec500000,0x000000bbec600000) (1024K)]
  0x000002a2fd9b8460 WatcherThread "VM Periodic Task Thread"        [id=14876, stack(0x000000bbec400000,0x000000bbec500000) (1024K)]
  0x000002a2e1a002f0 WorkerThread "GC Thread#0"                     [id=2348, stack(0x000000bbebf00000,0x000000bbec000000) (1024K)]
  0x000002a2fe0d2100 WorkerThread "GC Thread#1"                     [id=22828, stack(0x000000bbed000000,0x000000bbed100000) (1024K)]
  0x000002a2fe57c190 WorkerThread "GC Thread#2"                     [id=21204, stack(0x000000bbed100000,0x000000bbed200000) (1024K)]
  0x000002a2fe6edff0 WorkerThread "GC Thread#3"                     [id=29172, stack(0x000000bbed200000,0x000000bbed300000) (1024K)]
  0x000002a2e1a11d60 ConcurrentGCThread "G1 Main Marker"            [id=19816, stack(0x000000bbec000000,0x000000bbec100000) (1024K)]
  0x000002a2e1a12f10 WorkerThread "G1 Conc#0"                       [id=11904, stack(0x000000bbec100000,0x000000bbec200000) (1024K)]
  0x000002a2e1a6ea30 ConcurrentGCThread "G1 Refine#0"               [id=10212, stack(0x000000bbec200000,0x000000bbec300000) (1024K)]
  0x000002a2fd886630 ConcurrentGCThread "G1 Service"                [id=21092, stack(0x000000bbec300000,0x000000bbec400000) (1024K)]
Total: 10

Threads with active compile tasks:
C1 CompilerThread0     2308 3789       3       java.lang.invoke.MethodHandles$Lookup::checkMethod (87 bytes)
C2 CompilerThread1     2308 3725       4       java.lang.invoke.MethodType::makeImpl (109 bytes)
Total: 2

VM state: not at safepoint (normal execution)

VM Mutex/Monitor currently owned by a thread: None

Heap address: 0x0000000083200000, size: 1998 MB, Compressed Oops mode: 32-bit

CDS archive(s) mapped at: [0x000002a280000000-0x000002a280c90000-0x000002a280c90000), size 13172736, SharedBaseAddress: 0x000002a280000000, ArchiveRelocationMode: 1.
Compressed class space mapped at: 0x000002a281000000-0x000002a2c1000000, reserved size: 1073741824
Narrow klass base: 0x000002a280000000, Narrow klass shift: 0, Narrow klass range: 0x100000000

GC Precious Log:
 CardTable entry size: 512
 Card Set container configuration: InlinePtr #cards 5 size 8 Array Of Cards #cards 12 size 40 Howl #buckets 4 coarsen threshold 1843 Howl Bitmap #cards 512 size 80 coarsen threshold 460 Card regions per heap region 1 cards per card region 2048
 CPUs: 4 total, 4 available
 Memory: 7991M
 Large Page Support: Disabled
 NUMA Support: Disabled
 Compressed Oops: Enabled (32-bit)
 Heap Region Size: 1M
 Heap Min Capacity: 8M
 Heap Initial Capacity: 126M
 Heap Max Capacity: 1998M
 Pre-touch: Disabled
 Parallel Workers: 4
 Concurrent Workers: 1
 Concurrent Refinement Workers: 4
 Periodic GC: Disabled

Heap:
 garbage-first heap   total 129024K, used 14246K [0x0000000083200000, 0x0000000100000000)
  region size 1024K, 12 young (12288K), 7 survivors (7168K)
 Metaspace       used 18798K, committed 19136K, reserved 1114112K
  class space    used 2186K, committed 2368K, reserved 1048576K

Heap Regions: E=young(eden), S=young(survivor), O=old, HS=humongous(starts), HC=humongous(continues), CS=collection set, F=free, TAMS=top-at-mark-start, PB=parsable bottom
|   0|0x0000000083200000, 0x0000000083300000, 0x0000000083300000|100%| O|  |TAMS 0x0000000083200000| PB 0x0000000083200000| Untracked 
|   1|0x0000000083300000, 0x0000000083400000, 0x0000000083400000|100%| O|  |TAMS 0x0000000083300000| PB 0x0000000083300000| Untracked 
|   2|0x0000000083400000, 0x0000000083500000, 0x0000000083500000|100%| O|  |TAMS 0x0000000083400000| PB 0x0000000083400000| Untracked 
|   3|0x0000000083500000, 0x0000000083570d20, 0x0000000083600000| 44%| O|  |TAMS 0x0000000083500000| PB 0x0000000083500000| Untracked 
|   4|0x0000000083600000, 0x0000000083600000, 0x0000000083700000|  0%| F|  |TAMS 0x0000000083600000| PB 0x0000000083600000| Untracked 
|   5|0x0000000083700000, 0x0000000083700000, 0x0000000083800000|  0%| F|  |TAMS 0x0000000083700000| PB 0x0000000083700000| Untracked 
|   6|0x0000000083800000, 0x0000000083800000, 0x0000000083900000|  0%| F|  |TAMS 0x0000000083800000| PB 0x0000000083800000| Untracked 
|   7|0x0000000083900000, 0x0000000083900000, 0x0000000083a00000|  0%| F|  |TAMS 0x0000000083900000| PB 0x0000000083900000| Untracked 
|   8|0x0000000083a00000, 0x0000000083a00000, 0x0000000083b00000|  0%| F|  |TAMS 0x0000000083a00000| PB 0x0000000083a00000| Untracked 
|   9|0x0000000083b00000, 0x0000000083b00000, 0x0000000083c00000|  0%| F|  |TAMS 0x0000000083b00000| PB 0x0000000083b00000| Untracked 
|  10|0x0000000083c00000, 0x0000000083c00000, 0x0000000083d00000|  0%| F|  |TAMS 0x0000000083c00000| PB 0x0000000083c00000| Untracked 
|  11|0x0000000083d00000, 0x0000000083d00000, 0x0000000083e00000|  0%| F|  |TAMS 0x0000000083d00000| PB 0x0000000083d00000| Untracked 
|  12|0x0000000083e00000, 0x0000000083e00000, 0x0000000083f00000|  0%| F|  |TAMS 0x0000000083e00000| PB 0x0000000083e00000| Untracked 
|  13|0x0000000083f00000, 0x0000000083f00000, 0x0000000084000000|  0%| F|  |TAMS 0x0000000083f00000| PB 0x0000000083f00000| Untracked 
|  14|0x0000000084000000, 0x0000000084000000, 0x0000000084100000|  0%| F|  |TAMS 0x0000000084000000| PB 0x0000000084000000| Untracked 
|  15|0x0000000084100000, 0x0000000084100000, 0x0000000084200000|  0%| F|  |TAMS 0x0000000084100000| PB 0x0000000084100000| Untracked 
|  16|0x0000000084200000, 0x0000000084200000, 0x0000000084300000|  0%| F|  |TAMS 0x0000000084200000| PB 0x0000000084200000| Untracked 
|  17|0x0000000084300000, 0x0000000084300000, 0x0000000084400000|  0%| F|  |TAMS 0x0000000084300000| PB 0x0000000084300000| Untracked 
|  18|0x0000000084400000, 0x0000000084400000, 0x0000000084500000|  0%| F|  |TAMS 0x0000000084400000| PB 0x0000000084400000| Untracked 
|  19|0x0000000084500000, 0x0000000084500000, 0x0000000084600000|  0%| F|  |TAMS 0x0000000084500000| PB 0x0000000084500000| Untracked 
|  20|0x0000000084600000, 0x0000000084600000, 0x0000000084700000|  0%| F|  |TAMS 0x0000000084600000| PB 0x0000000084600000| Untracked 
|  21|0x0000000084700000, 0x0000000084700000, 0x0000000084800000|  0%| F|  |TAMS 0x0000000084700000| PB 0x0000000084700000| Untracked 
|  22|0x0000000084800000, 0x0000000084800000, 0x0000000084900000|  0%| F|  |TAMS 0x0000000084800000| PB 0x0000000084800000| Untracked 
|  23|0x0000000084900000, 0x0000000084900000, 0x0000000084a00000|  0%| F|  |TAMS 0x0000000084900000| PB 0x0000000084900000| Untracked 
|  24|0x0000000084a00000, 0x0000000084a00000, 0x0000000084b00000|  0%| F|  |TAMS 0x0000000084a00000| PB 0x0000000084a00000| Untracked 
|  25|0x0000000084b00000, 0x0000000084b00000, 0x0000000084c00000|  0%| F|  |TAMS 0x0000000084b00000| PB 0x0000000084b00000| Untracked 
|  26|0x0000000084c00000, 0x0000000084c00000, 0x0000000084d00000|  0%| F|  |TAMS 0x0000000084c00000| PB 0x0000000084c00000| Untracked 
|  27|0x0000000084d00000, 0x0000000084d00000, 0x0000000084e00000|  0%| F|  |TAMS 0x0000000084d00000| PB 0x0000000084d00000| Untracked 
|  28|0x0000000084e00000, 0x0000000084e00000, 0x0000000084f00000|  0%| F|  |TAMS 0x0000000084e00000| PB 0x0000000084e00000| Untracked 
|  29|0x0000000084f00000, 0x0000000084f00000, 0x0000000085000000|  0%| F|  |TAMS 0x0000000084f00000| PB 0x0000000084f00000| Untracked 
|  30|0x0000000085000000, 0x0000000085000000, 0x0000000085100000|  0%| F|  |TAMS 0x0000000085000000| PB 0x0000000085000000| Untracked 
|  31|0x0000000085100000, 0x0000000085100000, 0x0000000085200000|  0%| F|  |TAMS 0x0000000085100000| PB 0x0000000085100000| Untracked 
|  32|0x0000000085200000, 0x0000000085200000, 0x0000000085300000|  0%| F|  |TAMS 0x0000000085200000| PB 0x0000000085200000| Untracked 
|  33|0x0000000085300000, 0x0000000085300000, 0x0000000085400000|  0%| F|  |TAMS 0x0000000085300000| PB 0x0000000085300000| Untracked 
|  34|0x0000000085400000, 0x0000000085400000, 0x0000000085500000|  0%| F|  |TAMS 0x0000000085400000| PB 0x0000000085400000| Untracked 
|  35|0x0000000085500000, 0x0000000085500000, 0x0000000085600000|  0%| F|  |TAMS 0x0000000085500000| PB 0x0000000085500000| Untracked 
|  36|0x0000000085600000, 0x0000000085600000, 0x0000000085700000|  0%| F|  |TAMS 0x0000000085600000| PB 0x0000000085600000| Untracked 
|  37|0x0000000085700000, 0x0000000085700000, 0x0000000085800000|  0%| F|  |TAMS 0x0000000085700000| PB 0x0000000085700000| Untracked 
|  38|0x0000000085800000, 0x0000000085800000, 0x0000000085900000|  0%| F|  |TAMS 0x0000000085800000| PB 0x0000000085800000| Untracked 
|  39|0x0000000085900000, 0x0000000085900000, 0x0000000085a00000|  0%| F|  |TAMS 0x0000000085900000| PB 0x0000000085900000| Untracked 
|  40|0x0000000085a00000, 0x0000000085a00000, 0x0000000085b00000|  0%| F|  |TAMS 0x0000000085a00000| PB 0x0000000085a00000| Untracked 
|  41|0x0000000085b00000, 0x0000000085b00000, 0x0000000085c00000|  0%| F|  |TAMS 0x0000000085b00000| PB 0x0000000085b00000| Untracked 
|  42|0x0000000085c00000, 0x0000000085c00000, 0x0000000085d00000|  0%| F|  |TAMS 0x0000000085c00000| PB 0x0000000085c00000| Untracked 
|  43|0x0000000085d00000, 0x0000000085d00000, 0x0000000085e00000|  0%| F|  |TAMS 0x0000000085d00000| PB 0x0000000085d00000| Untracked 
|  44|0x0000000085e00000, 0x0000000085e78e00, 0x0000000085f00000| 47%| S|CS|TAMS 0x0000000085e00000| PB 0x0000000085e00000| Complete 
|  45|0x0000000085f00000, 0x0000000086000000, 0x0000000086000000|100%| S|CS|TAMS 0x0000000085f00000| PB 0x0000000085f00000| Complete 
|  46|0x0000000086000000, 0x0000000086100000, 0x0000000086100000|100%| S|CS|TAMS 0x0000000086000000| PB 0x0000000086000000| Complete 
|  47|0x0000000086100000, 0x0000000086200000, 0x0000000086200000|100%| S|CS|TAMS 0x0000000086100000| PB 0x0000000086100000| Complete 
|  48|0x0000000086200000, 0x0000000086300000, 0x0000000086300000|100%| S|CS|TAMS 0x0000000086200000| PB 0x0000000086200000| Complete 
|  49|0x0000000086300000, 0x0000000086400000, 0x0000000086400000|100%| S|CS|TAMS 0x0000000086300000| PB 0x0000000086300000| Complete 
|  50|0x0000000086400000, 0x0000000086500000, 0x0000000086500000|100%| S|CS|TAMS 0x0000000086400000| PB 0x0000000086400000| Complete 
|  51|0x0000000086500000, 0x0000000086500000, 0x0000000086600000|  0%| F|  |TAMS 0x0000000086500000| PB 0x0000000086500000| Untracked 
|  52|0x0000000086600000, 0x0000000086600000, 0x0000000086700000|  0%| F|  |TAMS 0x0000000086600000| PB 0x0000000086600000| Untracked 
|  53|0x0000000086700000, 0x0000000086700000, 0x0000000086800000|  0%| F|  |TAMS 0x0000000086700000| PB 0x0000000086700000| Untracked 
|  54|0x0000000086800000, 0x0000000086800000, 0x0000000086900000|  0%| F|  |TAMS 0x0000000086800000| PB 0x0000000086800000| Untracked 
|  55|0x0000000086900000, 0x0000000086900000, 0x0000000086a00000|  0%| F|  |TAMS 0x0000000086900000| PB 0x0000000086900000| Untracked 
|  56|0x0000000086a00000, 0x0000000086a00000, 0x0000000086b00000|  0%| F|  |TAMS 0x0000000086a00000| PB 0x0000000086a00000| Untracked 
|  57|0x0000000086b00000, 0x0000000086b00000, 0x0000000086c00000|  0%| F|  |TAMS 0x0000000086b00000| PB 0x0000000086b00000| Untracked 
|  58|0x0000000086c00000, 0x0000000086c00000, 0x0000000086d00000|  0%| F|  |TAMS 0x0000000086c00000| PB 0x0000000086c00000| Untracked 
|  59|0x0000000086d00000, 0x0000000086d00000, 0x0000000086e00000|  0%| F|  |TAMS 0x0000000086d00000| PB 0x0000000086d00000| Untracked 
|  60|0x0000000086e00000, 0x0000000086e00000, 0x0000000086f00000|  0%| F|  |TAMS 0x0000000086e00000| PB 0x0000000086e00000| Untracked 
|  61|0x0000000086f00000, 0x0000000086f00000, 0x0000000087000000|  0%| F|  |TAMS 0x0000000086f00000| PB 0x0000000086f00000| Untracked 
|  62|0x0000000087000000, 0x0000000087000000, 0x0000000087100000|  0%| F|  |TAMS 0x0000000087000000| PB 0x0000000087000000| Untracked 
|  63|0x0000000087100000, 0x0000000087100000, 0x0000000087200000|  0%| F|  |TAMS 0x0000000087100000| PB 0x0000000087100000| Untracked 
|  64|0x0000000087200000, 0x0000000087200000, 0x0000000087300000|  0%| F|  |TAMS 0x0000000087200000| PB 0x0000000087200000| Untracked 
|  65|0x0000000087300000, 0x0000000087300000, 0x0000000087400000|  0%| F|  |TAMS 0x0000000087300000| PB 0x0000000087300000| Untracked 
|  66|0x0000000087400000, 0x0000000087400000, 0x0000000087500000|  0%| F|  |TAMS 0x0000000087400000| PB 0x0000000087400000| Untracked 
|  67|0x0000000087500000, 0x0000000087500000, 0x0000000087600000|  0%| F|  |TAMS 0x0000000087500000| PB 0x0000000087500000| Untracked 
|  68|0x0000000087600000, 0x0000000087600000, 0x0000000087700000|  0%| F|  |TAMS 0x0000000087600000| PB 0x0000000087600000| Untracked 
|  69|0x0000000087700000, 0x0000000087700000, 0x0000000087800000|  0%| F|  |TAMS 0x0000000087700000| PB 0x0000000087700000| Untracked 
|  70|0x0000000087800000, 0x0000000087800000, 0x0000000087900000|  0%| F|  |TAMS 0x0000000087800000| PB 0x0000000087800000| Untracked 
|  71|0x0000000087900000, 0x0000000087900000, 0x0000000087a00000|  0%| F|  |TAMS 0x0000000087900000| PB 0x0000000087900000| Untracked 
|  72|0x0000000087a00000, 0x0000000087a00000, 0x0000000087b00000|  0%| F|  |TAMS 0x0000000087a00000| PB 0x0000000087a00000| Untracked 
|  73|0x0000000087b00000, 0x0000000087b00000, 0x0000000087c00000|  0%| F|  |TAMS 0x0000000087b00000| PB 0x0000000087b00000| Untracked 
|  74|0x0000000087c00000, 0x0000000087c00000, 0x0000000087d00000|  0%| F|  |TAMS 0x0000000087c00000| PB 0x0000000087c00000| Untracked 
|  75|0x0000000087d00000, 0x0000000087d00000, 0x0000000087e00000|  0%| F|  |TAMS 0x0000000087d00000| PB 0x0000000087d00000| Untracked 
|  76|0x0000000087e00000, 0x0000000087e00000, 0x0000000087f00000|  0%| F|  |TAMS 0x0000000087e00000| PB 0x0000000087e00000| Untracked 
|  77|0x0000000087f00000, 0x0000000087f00000, 0x0000000088000000|  0%| F|  |TAMS 0x0000000087f00000| PB 0x0000000087f00000| Untracked 
|  78|0x0000000088000000, 0x0000000088000000, 0x0000000088100000|  0%| F|  |TAMS 0x0000000088000000| PB 0x0000000088000000| Untracked 
|  79|0x0000000088100000, 0x0000000088100000, 0x0000000088200000|  0%| F|  |TAMS 0x0000000088100000| PB 0x0000000088100000| Untracked 
|  80|0x0000000088200000, 0x0000000088200000, 0x0000000088300000|  0%| F|  |TAMS 0x0000000088200000| PB 0x0000000088200000| Untracked 
|  81|0x0000000088300000, 0x0000000088300000, 0x0000000088400000|  0%| F|  |TAMS 0x0000000088300000| PB 0x0000000088300000| Untracked 
|  82|0x0000000088400000, 0x0000000088400000, 0x0000000088500000|  0%| F|  |TAMS 0x0000000088400000| PB 0x0000000088400000| Untracked 
|  83|0x0000000088500000, 0x0000000088500000, 0x0000000088600000|  0%| F|  |TAMS 0x0000000088500000| PB 0x0000000088500000| Untracked 
|  84|0x0000000088600000, 0x0000000088600000, 0x0000000088700000|  0%| F|  |TAMS 0x0000000088600000| PB 0x0000000088600000| Untracked 
|  85|0x0000000088700000, 0x0000000088700000, 0x0000000088800000|  0%| F|  |TAMS 0x0000000088700000| PB 0x0000000088700000| Untracked 
|  86|0x0000000088800000, 0x0000000088800000, 0x0000000088900000|  0%| F|  |TAMS 0x0000000088800000| PB 0x0000000088800000| Untracked 
|  87|0x0000000088900000, 0x0000000088900000, 0x0000000088a00000|  0%| F|  |TAMS 0x0000000088900000| PB 0x0000000088900000| Untracked 
|  88|0x0000000088a00000, 0x0000000088a00000, 0x0000000088b00000|  0%| F|  |TAMS 0x0000000088a00000| PB 0x0000000088a00000| Untracked 
|  89|0x0000000088b00000, 0x0000000088b00000, 0x0000000088c00000|  0%| F|  |TAMS 0x0000000088b00000| PB 0x0000000088b00000| Untracked 
|  90|0x0000000088c00000, 0x0000000088c00000, 0x0000000088d00000|  0%| F|  |TAMS 0x0000000088c00000| PB 0x0000000088c00000| Untracked 
|  91|0x0000000088d00000, 0x0000000088d00000, 0x0000000088e00000|  0%| F|  |TAMS 0x0000000088d00000| PB 0x0000000088d00000| Untracked 
|  92|0x0000000088e00000, 0x0000000088e00000, 0x0000000088f00000|  0%| F|  |TAMS 0x0000000088e00000| PB 0x0000000088e00000| Untracked 
|  93|0x0000000088f00000, 0x0000000088f00000, 0x0000000089000000|  0%| F|  |TAMS 0x0000000088f00000| PB 0x0000000088f00000| Untracked 
|  94|0x0000000089000000, 0x0000000089000000, 0x0000000089100000|  0%| F|  |TAMS 0x0000000089000000| PB 0x0000000089000000| Untracked 
|  95|0x0000000089100000, 0x0000000089100000, 0x0000000089200000|  0%| F|  |TAMS 0x0000000089100000| PB 0x0000000089100000| Untracked 
|  96|0x0000000089200000, 0x0000000089200000, 0x0000000089300000|  0%| F|  |TAMS 0x0000000089200000| PB 0x0000000089200000| Untracked 
|  97|0x0000000089300000, 0x0000000089300000, 0x0000000089400000|  0%| F|  |TAMS 0x0000000089300000| PB 0x0000000089300000| Untracked 
|  98|0x0000000089400000, 0x0000000089400000, 0x0000000089500000|  0%| F|  |TAMS 0x0000000089400000| PB 0x0000000089400000| Untracked 
|  99|0x0000000089500000, 0x0000000089500000, 0x0000000089600000|  0%| F|  |TAMS 0x0000000089500000| PB 0x0000000089500000| Untracked 
| 100|0x0000000089600000, 0x0000000089600000, 0x0000000089700000|  0%| F|  |TAMS 0x0000000089600000| PB 0x0000000089600000| Untracked 
| 101|0x0000000089700000, 0x0000000089700000, 0x0000000089800000|  0%| F|  |TAMS 0x0000000089700000| PB 0x0000000089700000| Untracked 
| 102|0x0000000089800000, 0x0000000089800000, 0x0000000089900000|  0%| F|  |TAMS 0x0000000089800000| PB 0x0000000089800000| Untracked 
| 103|0x0000000089900000, 0x0000000089900000, 0x0000000089a00000|  0%| F|  |TAMS 0x0000000089900000| PB 0x0000000089900000| Untracked 
| 104|0x0000000089a00000, 0x0000000089a00000, 0x0000000089b00000|  0%| F|  |TAMS 0x0000000089a00000| PB 0x0000000089a00000| Untracked 
| 105|0x0000000089b00000, 0x0000000089b00000, 0x0000000089c00000|  0%| F|  |TAMS 0x0000000089b00000| PB 0x0000000089b00000| Untracked 
| 106|0x0000000089c00000, 0x0000000089c00000, 0x0000000089d00000|  0%| F|  |TAMS 0x0000000089c00000| PB 0x0000000089c00000| Untracked 
| 107|0x0000000089d00000, 0x0000000089d00000, 0x0000000089e00000|  0%| F|  |TAMS 0x0000000089d00000| PB 0x0000000089d00000| Untracked 
| 108|0x0000000089e00000, 0x0000000089e00000, 0x0000000089f00000|  0%| F|  |TAMS 0x0000000089e00000| PB 0x0000000089e00000| Untracked 
| 109|0x0000000089f00000, 0x0000000089f00000, 0x000000008a000000|  0%| F|  |TAMS 0x0000000089f00000| PB 0x0000000089f00000| Untracked 
| 110|0x000000008a000000, 0x000000008a000000, 0x000000008a100000|  0%| F|  |TAMS 0x000000008a000000| PB 0x000000008a000000| Untracked 
| 111|0x000000008a100000, 0x000000008a100000, 0x000000008a200000|  0%| F|  |TAMS 0x000000008a100000| PB 0x000000008a100000| Untracked 
| 112|0x000000008a200000, 0x000000008a200000, 0x000000008a300000|  0%| F|  |TAMS 0x000000008a200000| PB 0x000000008a200000| Untracked 
| 113|0x000000008a300000, 0x000000008a300000, 0x000000008a400000|  0%| F|  |TAMS 0x000000008a300000| PB 0x000000008a300000| Untracked 
| 114|0x000000008a400000, 0x000000008a400000, 0x000000008a500000|  0%| F|  |TAMS 0x000000008a400000| PB 0x000000008a400000| Untracked 
| 115|0x000000008a500000, 0x000000008a500000, 0x000000008a600000|  0%| F|  |TAMS 0x000000008a500000| PB 0x000000008a500000| Untracked 
| 116|0x000000008a600000, 0x000000008a600000, 0x000000008a700000|  0%| F|  |TAMS 0x000000008a600000| PB 0x000000008a600000| Untracked 
| 117|0x000000008a700000, 0x000000008a700000, 0x000000008a800000|  0%| F|  |TAMS 0x000000008a700000| PB 0x000000008a700000| Untracked 
| 118|0x000000008a800000, 0x000000008a800000, 0x000000008a900000|  0%| F|  |TAMS 0x000000008a800000| PB 0x000000008a800000| Untracked 
| 119|0x000000008a900000, 0x000000008a900000, 0x000000008aa00000|  0%| F|  |TAMS 0x000000008a900000| PB 0x000000008a900000| Untracked 
| 120|0x000000008aa00000, 0x000000008aa00000, 0x000000008ab00000|  0%| F|  |TAMS 0x000000008aa00000| PB 0x000000008aa00000| Untracked 
| 121|0x000000008ab00000, 0x000000008ab80800, 0x000000008ac00000| 50%| E|  |TAMS 0x000000008ab00000| PB 0x000000008ab00000| Complete 
| 122|0x000000008ac00000, 0x000000008ad00000, 0x000000008ad00000|100%| E|CS|TAMS 0x000000008ac00000| PB 0x000000008ac00000| Complete 
| 123|0x000000008ad00000, 0x000000008ae00000, 0x000000008ae00000|100%| E|CS|TAMS 0x000000008ad00000| PB 0x000000008ad00000| Complete 
| 124|0x000000008ae00000, 0x000000008af00000, 0x000000008af00000|100%| E|CS|TAMS 0x000000008ae00000| PB 0x000000008ae00000| Complete 
| 125|0x000000008af00000, 0x000000008b000000, 0x000000008b000000|100%| E|CS|TAMS 0x000000008af00000| PB 0x000000008af00000| Complete 

Card table byte_map: [0x000002a2f9200000,0x000002a2f95f0000] _byte_map_base: 0x000002a2f8de7000

Marking Bits: (CMBitMap*) 0x000002a2e1a00900
 Bits: [0x000002a2f95f0000, 0x000002a2fb528000)

Polling page: 0x000002a2e1170000

Metaspace:

Usage:
  Non-class:     16.23 MB used.
      Class:      2.14 MB used.
       Both:     18.36 MB used.

Virtual space:
  Non-class space:       64.00 MB reserved,      16.38 MB ( 26%) committed,  1 nodes.
      Class space:        1.00 GB reserved,       2.31 MB ( <1%) committed,  1 nodes.
             Both:        1.06 GB reserved,      18.69 MB (  2%) committed. 

Chunk freelists:
   Non-Class:  15.58 MB
       Class:  13.58 MB
        Both:  29.15 MB

MaxMetaspaceSize: unlimited
CompressedClassSpaceSize: 1.00 GB
Initial GC threshold: 21.00 MB
Current GC threshold: 21.00 MB
CDS: on
 - commit_granule_bytes: 65536.
 - commit_granule_words: 8192.
 - virtual_space_node_default_size: 8388608.
 - enlarge_chunks_in_place: 1.
 - use_allocation_guard: 0.


Internal statistics:

num_allocs_failed_limit: 0.
num_arena_births: 178.
num_arena_deaths: 0.
num_vsnodes_births: 2.
num_vsnodes_deaths: 0.
num_space_committed: 299.
num_space_uncommitted: 0.
num_chunks_returned_to_freelist: 0.
num_chunks_taken_from_freelist: 826.
num_chunk_merges: 0.
num_chunk_splits: 581.
num_chunks_enlarged: 472.
num_inconsistent_stats: 0.

CodeHeap 'non-profiled nmethods': size=120000Kb used=1572Kb max_used=1572Kb free=118427Kb
 bounds [0x000002a2f18e0000, 0x000002a2f1b50000, 0x000002a2f8e10000]
CodeHeap 'profiled nmethods': size=120000Kb used=7725Kb max_used=7725Kb free=112275Kb
 bounds [0x000002a2e9e10000, 0x000002a2ea5a0000, 0x000002a2f1340000]
CodeHeap 'non-nmethods': size=5760Kb used=1550Kb max_used=1572Kb free=4209Kb
 bounds [0x000002a2f1340000, 0x000002a2f15b0000, 0x000002a2f18e0000]
 total_blobs=4290 nmethods=3791 adapters=403
 compilation: enabled
              stopped_count=0, restarted_count=0
 full_count=0

Compilation events (20 events):
Event: 2.271 Thread 0x000002a2fda04eb0 nmethod 3767 0x000002a2ea591610 code [0x000002a2ea5917c0, 0x000002a2ea591a48]
Event: 2.271 Thread 0x000002a2fda04eb0 3763       3       java.util.regex.Pattern::expr (142 bytes)
Event: 2.272 Thread 0x000002a2fda04eb0 nmethod 3763 0x000002a2ea591b90 code [0x000002a2ea591e00, 0x000002a2ea5928d8]
Event: 2.281 Thread 0x000002a2fda04eb0 3769       1       java.nio.DirectByteBuffer::attachment (5 bytes)
Event: 2.281 Thread 0x000002a2fda04eb0 nmethod 3769 0x000002a2f1a66710 code [0x000002a2f1a668a0, 0x000002a2f1a66968]
Event: 2.281 Thread 0x000002a2fda04eb0 3770       3       java.nio.MappedByteBuffer::position (8 bytes)
Event: 2.281 Thread 0x000002a2fda04eb0 nmethod 3770 0x000002a2ea592c90 code [0x000002a2ea592e40, 0x000002a2ea592ff0]
Event: 2.281 Thread 0x000002a2fda04eb0 3771       3       java.nio.MappedByteBuffer::limit (8 bytes)
Event: 2.281 Thread 0x000002a2fda04eb0 nmethod 3771 0x000002a2ea593110 code [0x000002a2ea5932c0, 0x000002a2ea593470]
Event: 2.283 Thread 0x000002a2fda04eb0 3772       3       jdk.internal.org.objectweb.asm.ClassWriter::visit (160 bytes)
Event: 2.284 Thread 0x000002a2fda04eb0 nmethod 3772 0x000002a2ea593590 code [0x000002a2ea5937c0, 0x000002a2ea593fd8]
Event: 2.284 Thread 0x000002a2fda04eb0 3774       3       jdk.internal.org.objectweb.asm.MethodVisitor::visitVarInsn (17 bytes)
Event: 2.284 Thread 0x000002a2fda04eb0 nmethod 3774 0x000002a2ea594410 code [0x000002a2ea5945c0, 0x000002a2ea5947d0]
Event: 2.284 Thread 0x000002a2fda04eb0 3773       3       jdk.internal.org.objectweb.asm.SymbolTable::setMajorVersionAndClassName (19 bytes)
Event: 2.284 Thread 0x000002a2fda04eb0 nmethod 3773 0x000002a2ea594890 code [0x000002a2ea594a40, 0x000002a2ea594c50]
Event: 2.284 Thread 0x000002a2fda04eb0 3775       1       java.nio.MappedByteBuffer::fileDescriptor (5 bytes)
Event: 2.284 Thread 0x000002a2fda04eb0 nmethod 3775 0x000002a2f1a66a10 code [0x000002a2f1a66ba0, 0x000002a2f1a66c68]
Event: 2.284 Thread 0x000002a2fda04eb0 3776       1       java.nio.MappedByteBuffer::isSync (5 bytes)
Event: 2.284 Thread 0x000002a2fda04eb0 nmethod 3776 0x000002a2f1a66d10 code [0x000002a2f1a66ea0, 0x000002a2f1a66f70]
Event: 2.286 Thread 0x000002a2fda04eb0 3777       3       java.lang.invoke.InnerClassLambdaMetafactory::getLoadOpcode (26 bytes)

GC Heap History (6 events):
Event: 0.414 GC heap before
{Heap before GC invocations=0 (full 0):
 garbage-first heap   total 129024K, used 12288K [0x0000000083200000, 0x0000000100000000)
  region size 1024K, 13 young (13312K), 0 survivors (0K)
 Metaspace       used 4063K, committed 4288K, reserved 1114112K
  class space    used 420K, committed 512K, reserved 1048576K
}
Event: 0.418 GC heap after
{Heap after GC invocations=1 (full 0):
 garbage-first heap   total 129024K, used 3349K [0x0000000083200000, 0x0000000100000000)
  region size 1024K, 2 young (2048K), 2 survivors (2048K)
 Metaspace       used 4063K, committed 4288K, reserved 1114112K
  class space    used 420K, committed 512K, reserved 1048576K
}
Event: 0.734 GC heap before
{Heap before GC invocations=1 (full 0):
 garbage-first heap   total 129024K, used 19733K [0x0000000083200000, 0x0000000100000000)
  region size 1024K, 18 young (18432K), 2 survivors (2048K)
 Metaspace       used 6463K, committed 6656K, reserved 1114112K
  class space    used 741K, committed 832K, reserved 1048576K
}
Event: 0.738 GC heap after
{Heap after GC invocations=2 (full 0):
 garbage-first heap   total 129024K, used 4419K [0x0000000083200000, 0x0000000100000000)
  region size 1024K, 1 young (1024K), 1 survivors (1024K)
 Metaspace       used 6463K, committed 6656K, reserved 1114112K
  class space    used 741K, committed 832K, reserved 1048576K
}
Event: 2.179 GC heap before
{Heap before GC invocations=2 (full 0):
 garbage-first heap   total 129024K, used 79171K [0x0000000083200000, 0x0000000100000000)
  region size 1024K, 75 young (76800K), 1 survivors (1024K)
 Metaspace       used 16861K, committed 17216K, reserved 1114112K
  class space    used 1958K, committed 2112K, reserved 1048576K
}
Event: 2.188 GC heap after
{Heap after GC invocations=3 (full 0):
 garbage-first heap   total 129024K, used 10150K [0x0000000083200000, 0x0000000100000000)
  region size 1024K, 7 young (7168K), 7 survivors (7168K)
 Metaspace       used 16861K, committed 17216K, reserved 1114112K
  class space    used 1958K, committed 2112K, reserved 1048576K
}

Dll operation events (8 events):
Event: 0.005 Loaded shared library C:\Program Files\Java\jdk-21\bin\java.dll
Event: 0.030 Loaded shared library C:\Program Files\Java\jdk-21\bin\jsvml.dll
Event: 0.046 Loaded shared library C:\Program Files\Java\jdk-21\bin\net.dll
Event: 0.048 Loaded shared library C:\Program Files\Java\jdk-21\bin\nio.dll
Event: 0.050 Loaded shared library C:\Program Files\Java\jdk-21\bin\zip.dll
Event: 0.145 Loaded shared library C:\Program Files\Java\jdk-21\bin\jimage.dll
Event: 0.151 Loaded shared library C:\Program Files\NetBeans-21\netbeans\java\maven\lib\jansi-native\Windows\x86_64\jansi.dll
Event: 0.160 Loaded shared library C:\Program Files\Java\jdk-21\bin\verify.dll

Deoptimization events (20 events):
Event: 2.197 Thread 0x000002a2df7d0c10 Uncommon trap: trap_request=0xffffffc6 fr.pc=0x000002a2f1941570 relative=0x0000000000000390
Event: 2.197 Thread 0x000002a2df7d0c10 Uncommon trap: reason=bimorphic_or_optimized_type_check action=maybe_recompile pc=0x000002a2f1941570 method=java.nio.Buffer.<init>(IIIILjava/lang/foreign/MemorySegment;)V @ 39 c2
Event: 2.197 Thread 0x000002a2df7d0c10 DEOPT PACKING pc=0x000002a2f1941570 sp=0x000000bbebef8640
Event: 2.197 Thread 0x000002a2df7d0c10 DEOPT UNPACKING pc=0x000002a2f1397da2 sp=0x000000bbebef85e8 mode 2
Event: 2.198 Thread 0x000002a2df7d0c10 Uncommon trap: trap_request=0xffffffc6 fr.pc=0x000002a2f1941570 relative=0x0000000000000390
Event: 2.198 Thread 0x000002a2df7d0c10 Uncommon trap: reason=bimorphic_or_optimized_type_check action=maybe_recompile pc=0x000002a2f1941570 method=java.nio.Buffer.<init>(IIIILjava/lang/foreign/MemorySegment;)V @ 39 c2
Event: 2.198 Thread 0x000002a2df7d0c10 DEOPT PACKING pc=0x000002a2f1941570 sp=0x000000bbebef8640
Event: 2.198 Thread 0x000002a2df7d0c10 DEOPT UNPACKING pc=0x000002a2f1397da2 sp=0x000000bbebef85e8 mode 2
Event: 2.198 Thread 0x000002a2df7d0c10 Uncommon trap: trap_request=0xffffffc6 fr.pc=0x000002a2f1941570 relative=0x0000000000000390
Event: 2.198 Thread 0x000002a2df7d0c10 Uncommon trap: reason=bimorphic_or_optimized_type_check action=maybe_recompile pc=0x000002a2f1941570 method=java.nio.Buffer.<init>(IIIILjava/lang/foreign/MemorySegment;)V @ 39 c2
Event: 2.198 Thread 0x000002a2df7d0c10 DEOPT PACKING pc=0x000002a2f1941570 sp=0x000000bbebef6c70
Event: 2.198 Thread 0x000002a2df7d0c10 DEOPT UNPACKING pc=0x000002a2f1397da2 sp=0x000000bbebef6c18 mode 2
Event: 2.198 Thread 0x000002a2df7d0c10 Uncommon trap: trap_request=0xffffffc6 fr.pc=0x000002a2f1941570 relative=0x0000000000000390
Event: 2.198 Thread 0x000002a2df7d0c10 Uncommon trap: reason=bimorphic_or_optimized_type_check action=maybe_recompile pc=0x000002a2f1941570 method=java.nio.Buffer.<init>(IIIILjava/lang/foreign/MemorySegment;)V @ 39 c2
Event: 2.198 Thread 0x000002a2df7d0c10 DEOPT PACKING pc=0x000002a2f1941570 sp=0x000000bbebefbbb0
Event: 2.198 Thread 0x000002a2df7d0c10 DEOPT UNPACKING pc=0x000002a2f1397da2 sp=0x000000bbebefbb58 mode 2
Event: 2.211 Thread 0x000002a2df7d0c10 Uncommon trap: trap_request=0xffffff45 fr.pc=0x000002a2f1963210 relative=0x0000000000000070
Event: 2.211 Thread 0x000002a2df7d0c10 Uncommon trap: reason=unstable_if action=reinterpret pc=0x000002a2f1963210 method=java.lang.ref.ReferenceQueue.poll()Ljava/lang/ref/Reference; @ 4 c2
Event: 2.211 Thread 0x000002a2df7d0c10 DEOPT PACKING pc=0x000002a2f1963210 sp=0x000000bbebefd280
Event: 2.211 Thread 0x000002a2df7d0c10 DEOPT UNPACKING pc=0x000002a2f1397da2 sp=0x000000bbebefd210 mode 2

Classes loaded (20 events):
Event: 2.272 Loading class java/util/JumboEnumSet
Event: 2.272 Loading class java/util/JumboEnumSet done
Event: 2.273 Loading class java/nio/file/FileVisitOption
Event: 2.273 Loading class java/nio/file/FileVisitOption done
Event: 2.279 Loading class java/nio/file/FileSystemNotFoundException
Event: 2.279 Loading class java/nio/file/FileSystemNotFoundException done
Event: 2.279 Loading class java/util/JumboEnumSet$EnumSetIterator
Event: 2.279 Loading class java/util/JumboEnumSet$EnumSetIterator done
Event: 2.281 Loading class java/util/MissingResourceException
Event: 2.281 Loading class java/util/MissingResourceException done
Event: 2.283 Loading class java/util/ResourceBundle$CacheKey
Event: 2.283 Loading class java/util/ResourceBundle$CacheKey done
Event: 2.283 Loading class java/util/ResourceBundle$KeyElementReference
Event: 2.283 Loading class java/util/ResourceBundle$CacheKeyReference
Event: 2.283 Loading class java/util/ResourceBundle$CacheKeyReference done
Event: 2.283 Loading class java/util/ResourceBundle$KeyElementReference done
Event: 2.283 Loading class java/util/ResourceBundle$3
Event: 2.283 Loading class java/util/ResourceBundle$3 done
Event: 2.285 Loading class java/util/ResourceBundle$BundleReference
Event: 2.285 Loading class java/util/ResourceBundle$BundleReference done

Classes unloaded (0 events):
No events

Classes redefined (0 events):
No events

Internal exceptions (20 events):
Event: 1.203 Thread 0x000002a2df7d0c10 Exception <a 'java/lang/NoSuchMethodError'{0x0000000089482c28}: 'java.lang.Object java.lang.invoke.DirectMethodHandle$Holder.invokeSpecial(java.lang.Object, java.lang.Object, java.lang.Object, java.lang.Object, long)'> (0x0000000089482c28) 
thrown [s\open\src\hotspot\share\interpreter\linkResolver.cpp, line 773]
Event: 1.204 Thread 0x000002a2df7d0c10 Exception <a 'java/lang/NoSuchMethodError'{0x000000008948e718}: 'java.lang.Object java.lang.invoke.DirectMethodHandle$Holder.invokeSpecial(java.lang.Object, java.lang.Object, java.lang.Object, int, java.lang.Object)'> (0x000000008948e718) 
thrown [s\open\src\hotspot\share\interpreter\linkResolver.cpp, line 773]
Event: 1.205 Thread 0x000002a2df7d0c10 Exception <a 'java/lang/NoSuchMethodError'{0x0000000089496838}: 'int java.lang.invoke.DirectMethodHandle$Holder.invokeSpecial(java.lang.Object, java.lang.Object, java.lang.Object, int)'> (0x0000000089496838) 
thrown [s\open\src\hotspot\share\interpreter\linkResolver.cpp, line 773]
Event: 1.208 Thread 0x000002a2df7d0c10 Implicit null exception at 0x000002a2f1953c5a to 0x000002a2f1953e34
Event: 1.210 Thread 0x000002a2df7d0c10 Exception <a 'java/lang/NoSuchMethodError'{0x00000000894bb218}: 'java.lang.Object java.lang.invoke.Invokers$Holder.invokeExact_MT(java.lang.Object, int, java.lang.Object)'> (0x00000000894bb218) 
thrown [s\open\src\hotspot\share\interpreter\linkResolver.cpp, line 773]
Event: 1.217 Thread 0x000002a2df7d0c10 Exception <a 'java/lang/NoSuchMethodError'{0x000000008932c190}: 'void java.lang.invoke.DirectMethodHandle$Holder.invokeStatic(java.lang.Object, java.lang.Object)'> (0x000000008932c190) 
thrown [s\open\src\hotspot\share\interpreter\linkResolver.cpp, line 773]
Event: 1.397 Thread 0x000002a2df7d0c10 Exception <a 'java/lang/NoSuchMethodError'{0x0000000088cb43f8}: 'void java.lang.invoke.Invokers$Holder.invokeExact_MT(java.lang.Object, java.lang.Object, java.lang.Object, java.lang.Object)'> (0x0000000088cb43f8) 
thrown [s\open\src\hotspot\share\interpreter\linkResolver.cpp, line 773]
Event: 1.410 Thread 0x000002a2df7d0c10 Exception <a 'java/lang/NoClassDefFoundError'{0x0000000088b3dc18}: com/google/inject/servlet/ServletModuleTargetVisitor> (0x0000000088b3dc18) 
thrown [s\open\src\hotspot\share\classfile\systemDictionary.cpp, line 301]
Event: 1.468 Thread 0x000002a2df7d0c10 Exception <a 'java/lang/NoSuchMethodError'{0x00000000889f6180}: 'void java.lang.invoke.DirectMethodHandle$Holder.invokeVirtual(java.lang.Object, java.lang.Object)'> (0x00000000889f6180) 
thrown [s\open\src\hotspot\share\interpreter\linkResolver.cpp, line 773]
Event: 1.499 Thread 0x000002a2df7d0c10 Exception <a 'java/lang/NoSuchMethodError'{0x0000000088883e60}: 'java.lang.Object java.lang.invoke.DirectMethodHandle$Holder.invokeStaticInit(java.lang.Object, int, int, int, int)'> (0x0000000088883e60) 
thrown [s\open\src\hotspot\share\interpreter\linkResolver.cpp, line 773]
Event: 1.612 Thread 0x000002a2df7d0c10 Exception <a 'java/lang/NoSuchMethodError'{0x0000000088223358}: 'void java.lang.invoke.DirectMethodHandle$Holder.invokeVirtual(java.lang.Object, java.lang.Object, int)'> (0x0000000088223358) 
thrown [s\open\src\hotspot\share\interpreter\linkResolver.cpp, line 773]
Event: 1.613 Thread 0x000002a2df7d0c10 Exception <a 'java/lang/NoSuchMethodError'{0x000000008822a328}: 'void java.lang.invoke.DelegatingMethodHandle$Holder.reinvoke_L(java.lang.Object, java.lang.Object, int)'> (0x000000008822a328) 
thrown [s\open\src\hotspot\share\interpreter\linkResolver.cpp, line 773]
Event: 1.783 Thread 0x000002a2df7d0c10 Implicit null exception at 0x000002a2f198d698 to 0x000002a2f198d888
Event: 1.783 Thread 0x000002a2df7d0c10 Implicit null exception at 0x000002a2f19f608d to 0x000002a2f19f68e4
Event: 1.784 Thread 0x000002a2df7d0c10 Implicit null exception at 0x000002a2f198e098 to 0x000002a2f198e274
Event: 1.799 Thread 0x000002a2df7d0c10 Exception <a 'java/lang/NoSuchMethodError'{0x0000000087a305a0}: 'java.lang.Object java.lang.invoke.DirectMethodHandle$Holder.newInvokeSpecial(java.lang.Object, java.lang.Object, java.lang.Object, java.lang.Object, java.lang.Object, java.lang.Object, java.lang.Object)'> (0x0000000087a305a0) 
thrown [s\open\src\hotspot\share\interpreter\linkResolver.cpp, line 773]
Event: 1.969 Thread 0x000002a2df7d0c10 Exception <a 'java/lang/NoSuchMethodError'{0x00000000871f8ee8}: 'java.lang.Object java.lang.invoke.DirectMethodHandle$Holder.invokeVirtual(java.lang.Object, java.lang.Object, java.lang.Object)'> (0x00000000871f8ee8) 
thrown [s\open\src\hotspot\share\interpreter\linkResolver.cpp, line 773]
Event: 1.970 Thread 0x000002a2df7d0c10 Exception <a 'java/lang/NoSuchMethodError'{0x00000000871ff760}: 'void java.lang.invoke.DirectMethodHandle$Holder.invokeSpecial(java.lang.Object, java.lang.Object, java.lang.Object, java.lang.Object, java.lang.Object, java.lang.Object)'> (0x00000000871ff760) 
thrown [s\open\src\hotspot\share\interpreter\linkResolver.cpp, line 773]
Event: 1.971 Thread 0x000002a2df7d0c10 Exception <a 'java/lang/NoSuchMethodError'{0x000000008700a158}: 'int java.lang.invoke.DirectMethodHandle$Holder.invokeVirtual(java.lang.Object, java.lang.Object)'> (0x000000008700a158) 
thrown [s\open\src\hotspot\share\interpreter\linkResolver.cpp, line 773]
Event: 1.989 Thread 0x000002a2df7d0c10 Exception <a 'java/lang/NoSuchMethodError'{0x00000000870d7db0}: 'void java.lang.invoke.Invokers$Holder.invokeExact_MT(java.lang.Object, java.lang.Object, int, java.lang.Object)'> (0x00000000870d7db0) 
thrown [s\open\src\hotspot\share\interpreter\linkResolver.cpp, line 773]

ZGC Phase Switch (0 events):
No events

VM Operations (20 events):
Event: 1.393 Executing VM operation: HandshakeAllThreads (Deoptimize)
Event: 1.393 Executing VM operation: HandshakeAllThreads (Deoptimize) done
Event: 1.478 Executing VM operation: HandshakeAllThreads (Deoptimize)
Event: 1.478 Executing VM operation: HandshakeAllThreads (Deoptimize) done
Event: 1.512 Executing VM operation: HandshakeAllThreads (Deoptimize)
Event: 1.512 Executing VM operation: HandshakeAllThreads (Deoptimize) done
Event: 1.534 Executing VM operation: HandshakeAllThreads (Deoptimize)
Event: 1.534 Executing VM operation: HandshakeAllThreads (Deoptimize) done
Event: 1.563 Executing VM operation: HandshakeAllThreads (Deoptimize)
Event: 1.563 Executing VM operation: HandshakeAllThreads (Deoptimize) done
Event: 1.609 Executing VM operation: ICBufferFull
Event: 1.609 Executing VM operation: ICBufferFull done
Event: 1.872 Executing VM operation: ICBufferFull
Event: 1.872 Executing VM operation: ICBufferFull done
Event: 2.086 Executing VM operation: ICBufferFull
Event: 2.086 Executing VM operation: ICBufferFull done
Event: 2.179 Executing VM operation: G1CollectForAllocation (G1 Evacuation Pause)
Event: 2.188 Executing VM operation: G1CollectForAllocation (G1 Evacuation Pause) done
Event: 2.273 Executing VM operation: HandshakeAllThreads (Deoptimize)
Event: 2.273 Executing VM operation: HandshakeAllThreads (Deoptimize) done

Events (12 events):
Event: 0.016 Thread 0x000002a2df7d0c10 Thread added: 0x000002a2df7d0c10
Event: 0.028 Thread 0x000002a2fd9edf00 Thread added: 0x000002a2fd9edf00
Event: 0.028 Thread 0x000002a2fd9ef640 Thread added: 0x000002a2fd9ef640
Event: 0.028 Thread 0x000002a2fd9f3c00 Thread added: 0x000002a2fd9f3c00
Event: 0.028 Thread 0x000002a2fd9f6670 Thread added: 0x000002a2fd9f6670
Event: 0.028 Thread 0x000002a2fd9f70d0 Thread added: 0x000002a2fd9f70d0
Event: 0.028 Thread 0x000002a2fd9f7b30 Thread added: 0x000002a2fd9f7b30
Event: 0.028 Thread 0x000002a2fda04000 Thread added: 0x000002a2fda04000
Event: 0.028 Thread 0x000002a2fda04eb0 Thread added: 0x000002a2fda04eb0
Event: 0.042 Thread 0x000002a2fdc94da0 Thread added: 0x000002a2fdc94da0
Event: 0.044 Thread 0x000002a2fdc979f0 Thread added: 0x000002a2fdc979f0
Event: 0.542 Thread 0x000002a2fe79e4e0 Thread added: 0x000002a2fe79e4e0


Dynamic libraries:
0x00007ff779ee0000 - 0x00007ff779ef0000 	C:\Program Files\Java\jdk-21\bin\java.exe
0x00007ffb00b70000 - 0x00007ffb00d87000 	C:\WINDOWS\SYSTEM32\ntdll.dll
0x00007ffaff710000 - 0x00007ffaff7d4000 	C:\WINDOWS\System32\KERNEL32.DLL
0x00007ffafe4e0000 - 0x00007ffafe897000 	C:\WINDOWS\System32\KERNELBASE.dll
0x00007ffafde80000 - 0x00007ffafdf91000 	C:\WINDOWS\System32\ucrtbase.dll
0x00007ffaf8e90000 - 0x00007ffaf8ea9000 	C:\Program Files\Java\jdk-21\bin\jli.dll
0x00007ffaf6d50000 - 0x00007ffaf6d6b000 	C:\Program Files\Java\jdk-21\bin\VCRUNTIME140.dll
0x00007ffb00a70000 - 0x00007ffb00b22000 	C:\WINDOWS\System32\ADVAPI32.dll
0x00007ffafef10000 - 0x00007ffafefb7000 	C:\WINDOWS\System32\msvcrt.dll
0x00007ffb00610000 - 0x00007ffb006b8000 	C:\WINDOWS\System32\sechost.dll
0x00007ffafe140000 - 0x00007ffafe168000 	C:\WINDOWS\System32\bcrypt.dll
0x00007ffb00230000 - 0x00007ffb00344000 	C:\WINDOWS\System32\RPCRT4.dll
0x00007ffb00440000 - 0x00007ffb005ef000 	C:\WINDOWS\System32\USER32.dll
0x00007ffafe4b0000 - 0x00007ffafe4d6000 	C:\WINDOWS\System32\win32u.dll
0x00007ffaff600000 - 0x00007ffaff629000 	C:\WINDOWS\System32\GDI32.dll
0x00007ffaec3d0000 - 0x00007ffaec663000 	C:\WINDOWS\WinSxS\amd64_microsoft.windows.common-controls_6595b64144ccf1df_6.0.22621.3672_none_2713b9d173822955\COMCTL32.dll
0x00007ffafe020000 - 0x00007ffafe138000 	C:\WINDOWS\System32\gdi32full.dll
0x00007ffafe170000 - 0x00007ffafe20a000 	C:\WINDOWS\System32\msvcp_win.dll
0x00007ffaf6250000 - 0x00007ffaf625a000 	C:\WINDOWS\SYSTEM32\VERSION.dll
0x00007ffafefc0000 - 0x00007ffafeff1000 	C:\WINDOWS\System32\IMM32.DLL
0x00007ffaf58d0000 - 0x00007ffaf58dc000 	C:\Program Files\Java\jdk-21\bin\vcruntime140_1.dll
0x00007ffa99df0000 - 0x00007ffa99e7e000 	C:\Program Files\Java\jdk-21\bin\msvcp140.dll
0x00007ffa90790000 - 0x00007ffa914a7000 	C:\Program Files\Java\jdk-21\bin\server\jvm.dll
0x00007ffafeb00000 - 0x00007ffafeb71000 	C:\WINDOWS\System32\WS2_32.dll
0x00007ffafd750000 - 0x00007ffafd79d000 	C:\WINDOWS\SYSTEM32\POWRPROF.dll
0x00007ffafa240000 - 0x00007ffafa274000 	C:\WINDOWS\SYSTEM32\WINMM.dll
0x00007ffafd6e0000 - 0x00007ffafd6f3000 	C:\WINDOWS\SYSTEM32\UMPDC.dll
0x00007ffafce90000 - 0x00007ffafcea8000 	C:\WINDOWS\SYSTEM32\kernel.appcore.dll
0x00007ffaf4f90000 - 0x00007ffaf4f9a000 	C:\Program Files\Java\jdk-21\bin\jimage.dll
0x00007ffafb2a0000 - 0x00007ffafb4d2000 	C:\WINDOWS\SYSTEM32\DBGHELP.DLL
0x00007ffafeb80000 - 0x00007ffafef0e000 	C:\WINDOWS\System32\combase.dll
0x00007ffaff630000 - 0x00007ffaff707000 	C:\WINDOWS\System32\OLEAUT32.dll
0x00007ffae51d0000 - 0x00007ffae5202000 	C:\WINDOWS\SYSTEM32\dbgcore.DLL
0x00007ffafdfa0000 - 0x00007ffafe01b000 	C:\WINDOWS\System32\bcryptPrimitives.dll
0x00007ffaf4c70000 - 0x00007ffaf4c8f000 	C:\Program Files\Java\jdk-21\bin\java.dll
0x00007ffaff9c0000 - 0x00007ffb00229000 	C:\WINDOWS\System32\SHELL32.dll
0x00007ffafbda0000 - 0x00007ffafc69f000 	C:\WINDOWS\SYSTEM32\windows.storage.dll
0x00007ffafbc60000 - 0x00007ffafbd9f000 	C:\WINDOWS\SYSTEM32\wintypes.dll
0x00007ffb006e0000 - 0x00007ffb007d9000 	C:\WINDOWS\System32\SHCORE.dll
0x00007ffb00350000 - 0x00007ffb003ae000 	C:\WINDOWS\System32\shlwapi.dll
0x00007ffafddb0000 - 0x00007ffafddd7000 	C:\WINDOWS\SYSTEM32\profapi.dll
0x00007ffaa2540000 - 0x00007ffaa2617000 	C:\Program Files\Java\jdk-21\bin\jsvml.dll
0x00007ffaf4fd0000 - 0x00007ffaf4fe0000 	C:\Program Files\Java\jdk-21\bin\net.dll
0x00007ffafa3d0000 - 0x00007ffafa506000 	C:\WINDOWS\SYSTEM32\WINHTTP.dll
0x00007ffafd300000 - 0x00007ffafd369000 	C:\WINDOWS\system32\mswsock.dll
0x00007ffaf4fb0000 - 0x00007ffaf4fc6000 	C:\Program Files\Java\jdk-21\bin\nio.dll
0x00007ffae0740000 - 0x00007ffae0758000 	C:\Program Files\Java\jdk-21\bin\zip.dll
0x0000000069ac0000 - 0x0000000069ae4000 	C:\Program Files\NetBeans-21\netbeans\java\maven\lib\jansi-native\Windows\x86_64\jansi.dll
0x00007ffaf4fa0000 - 0x00007ffaf4fb0000 	C:\Program Files\Java\jdk-21\bin\verify.dll

dbghelp: loaded successfully - version: 4.0.5 - missing functions: none
symbol engine: initialized successfully - sym options: 0x614 - pdb path: .;C:\Program Files\Java\jdk-21\bin;C:\WINDOWS\SYSTEM32;C:\WINDOWS\WinSxS\amd64_microsoft.windows.common-controls_6595b64144ccf1df_6.0.22621.3672_none_2713b9d173822955;C:\Program Files\Java\jdk-21\bin\server;C:\Program Files\NetBeans-21\netbeans\java\maven\lib\jansi-native\Windows\x86_64

VM Arguments:
jvm_args: -Dclassworlds.conf=C:\Program Files\NetBeans-21\netbeans\java\maven\bin\m2.conf -Dmaven.home=C:\Program Files\NetBeans-21\netbeans\java\maven -Dlibrary.jansi.path=C:\Program Files\NetBeans-21\netbeans\java\maven\lib\jansi-native -Dmaven.multiModuleProjectDirectory=C:\Users\yaple\Documents\NetBeansProjects\OOP 
java_command: org.codehaus.plexus.classworlds.launcher.Launcher -Dexec.vmArgs= -Dexec.args=${exec.vmArgs} -classpath %classpath ${exec.mainClass} ${exec.appArgs} -Dexec.executable=C:\Program Files\Java\jdk-21\bin\java.exe -Dexec.mainClass=com.oop.oop.main -Dexec.classpathScope=runtime -Dexec.appArgs= -Dmaven.ext.class.path=C:\Program Files\NetBeans-21\netbeans\java\maven-nblib\netbeans-eventspy.jar --no-transfer-progress process-classes org.codehaus.mojo:exec-maven-plugin:3.1.0:exec
java_class_path (initial): C:\Program Files\NetBeans-21\netbeans\java\maven\boot\plexus-classworlds-2.7.0.jar
Launcher Type: SUN_STANDARD

[Global flags]
     intx CICompilerCount                          = 3                                         {product} {ergonomic}
     uint ConcGCThreads                            = 1                                         {product} {ergonomic}
     uint G1ConcRefinementThreads                  = 4                                         {product} {ergonomic}
   size_t G1HeapRegionSize                         = 1048576                                   {product} {ergonomic}
    uintx GCDrainStackTargetSize                   = 64                                        {product} {ergonomic}
   size_t InitialHeapSize                          = 132120576                                 {product} {ergonomic}
   size_t MarkStackSize                            = 4194304                                   {product} {ergonomic}
   size_t MaxHeapSize                              = 2095054848                                {product} {ergonomic}
   size_t MaxNewSize                               = 1256194048                                {product} {ergonomic}
   size_t MinHeapDeltaBytes                        = 1048576                                   {product} {ergonomic}
   size_t MinHeapSize                              = 8388608                                   {product} {ergonomic}
    uintx NonNMethodCodeHeapSize                   = 5832780                                {pd product} {ergonomic}
    uintx NonProfiledCodeHeapSize                  = 122912730                              {pd product} {ergonomic}
    uintx ProfiledCodeHeapSize                     = 122912730                              {pd product} {ergonomic}
    uintx ReservedCodeCacheSize                    = 251658240                              {pd product} {ergonomic}
     bool SegmentedCodeCache                       = true                                      {product} {ergonomic}
   size_t SoftMaxHeapSize                          = 2095054848                             {manageable} {ergonomic}
     bool UseCompressedOops                        = true                           {product lp64_product} {ergonomic}
     bool UseG1GC                                  = true                                      {product} {ergonomic}
     bool UseLargePagesIndividualAllocation        = false                                  {pd product} {ergonomic}

Logging:
Log output configuration:
 #0: stdout all=warning uptime,level,tags foldmultilines=false
 #1: stderr all=off uptime,level,tags foldmultilines=false

Environment Variables:
JAVA_HOME=C:\Program Files\Java\jdk-21
PATH=C:\Program Files\Common Files\Oracle\Java\javapath;C:\Program Files (x86)\Common Files\Oracle\Java\javapath;C:\Windows\System32\HWAudioDriverLibs;C:\Windows\system32;C:\Windows;C:\Windows\System32\Wbem;C:\Windows\System32\WindowsPowerShell\v1.0\;C:\Windows\System32\OpenSSH\;C:\Users\Administrator\AppData\Local\Microsoft\WindowsApps;C:\Program Files\dotnet\;C:\WINDOWS\system32;C:\WINDOWS;C:\WINDOWS\System32\Wbem;C:\WINDOWS\System32\WindowsPowerShell\v1.0\;C:\WINDOWS\System32\OpenSSH\;C:\Program Files\Java\jdk-21\bin;C:\Program Files (x86)\Git\cmd;C:\laragon\bin\php\php-8.3.12-nts-Win32-vs16-x64;C:\ProgramData\ComposerSetup\bin;C:\Program Files\nodejs\;C:\Users\yaple\AppData\Local\Microsoft\WindowsApps;C:\Users\yaple\AppData\Local\Programs\Microsoft VS Code\bin;C:\Users\yaple\AppData\Roaming\npm
USERNAME=yaple
OS=Windows_NT
PROCESSOR_IDENTIFIER=Intel64 Family 6 Model 140 Stepping 1, GenuineIntel
TMP=C:\Users\yaple\AppData\Local\Temp
TEMP=C:\Users\yaple\AppData\Local\Temp




Periodic native trim disabled

---------------  S Y S T E M  ---------------

OS:
 Windows 11 , 64 bit Build 22621 (10.0.22621.3958)
OS uptime: 8 days 1:28 hours
Hyper-V role detected

CPU: total 4 (initial active 4) (2 cores per cpu, 2 threads per core) family 6 model 140 stepping 1 microcode 0x8a, cx8, cmov, fxsr, ht, mmx, 3dnowpref, sse, sse2, sse3, ssse3, sse4.1, sse4.2, popcnt, lzcnt, tsc, tscinvbit, avx, avx2, aes, erms, clmul, bmi1, bmi2, adx, avx512f, avx512dq, avx512cd, avx512bw, avx512vl, sha, fma, vzeroupper, avx512_vpopcntdq, avx512_vpclmulqdq, avx512_vaes, avx512_vnni, clflush, clflushopt, clwb, avx512_vbmi2, avx512_vbmi, hv, rdtscp, rdpid, fsrm, gfni, avx512_bitalg, f16c, cet_ibt, cet_ss, avx512_ifma
Processor Information for processor 0
  Max Mhz: 2995, Current Mhz: 2995, Mhz Limit: 2995
Processor Information for processor 1
  Max Mhz: 2995, Current Mhz: 2995, Mhz Limit: 2995
Processor Information for processor 2
  Max Mhz: 2995, Current Mhz: 2995, Mhz Limit: 2995
Processor Information for processor 3
  Max Mhz: 2995, Current Mhz: 1198, Mhz Limit: 2995

Memory: 4k page, system-wide physical 7991M (515M free)
TotalPageFile size 21144M (AvailPageFile size 4M)
current process WorkingSet (physical memory assigned to process): 175M, peak: 175M
current process commit charge ("private bytes"): 248M, peak: 248M

vm_info: Java HotSpot(TM) 64-Bit Server VM (21.0.2+13-LTS-58) for windows-amd64 JRE (21.0.2+13-LTS-58), built on 2024-01-05T18:32:24Z by "mach5one" with MS VC++ 17.1 (VS2022)

END.
