#
# There is insufficient memory for the Java Runtime Environment to continue.
# Native memory allocation (mmap) failed to map 132120576 bytes. Error detail: G1 virtual space
# Possible reasons:
#   The system is out of physical RAM or swap space
#   This process is running with CompressedOops enabled, and the Java Heap may be blocking the growth of the native heap
# Possible solutions:
#   Reduce memory load on the system
#   Increase physical memory or swap space
#   Check if swap backing store is full
#   Decrease Java heap size (-Xmx/-Xms)
#   Decrease number of Java threads
#   Decrease Java thread stack sizes (-Xss)
#   Set larger code cache with -XX:ReservedCodeCacheSize=
#   JVM is running with Unscaled Compressed Oops mode in which the Java heap is
#     placed in the first 4GB address space. The Java Heap base address is the
#     maximum limit for the native heap growth. Please use -XX:HeapBaseMinAddress
#     to set the Java Heap base and to place the Java Heap above 4GB virtual address.
# This output file may be truncated or incomplete.
#
#  Out of Memory Error (os_windows.cpp:3703), pid=24044, tid=25940
#
# JRE version:  (23.0.1+11) (build )
# Java VM: Java HotSpot(TM) 64-Bit Server VM (23.0.1+11-39, mixed mode, sharing, tiered, compressed oops, compressed class ptrs, g1 gc, windows-amd64)
# No core dump will be written. Minidumps are not enabled by default on client versions of Windows
#

---------------  S U M M A R Y ------------

Command Line: com.oop.oop.main

Host: 11th Gen Intel(R) Core(TM) i3-1115G4 @ 3.00GHz, 4 cores, 7G,  Windows 11 , 64 bit Build 22621 (10.0.22621.3958)
Time: Wed Dec 11 14:51:44 2024 Malay Peninsula Standard Time elapsed time: 0.018748 seconds (0d 0h 0m 0s)

---------------  T H R E A D  ---------------

Current thread (0x00000229ccf9f020):  JavaThread "Unknown thread" [_thread_in_vm, id=25940, stack(0x000000742dc00000,0x000000742dd00000) (1024K)]

Stack: [0x000000742dc00000,0x000000742dd00000]
Native frames: (J=compiled Java code, j=interpreted, Vv=VM code, C=native code)
V  [jvm.dll+0x6e08b9]  (no source info available)
V  [jvm.dll+0x87dc83]  (no source info available)
V  [jvm.dll+0x88010e]  (no source info available)
V  [jvm.dll+0x8807e3]  (no source info available)
V  [jvm.dll+0x27aee6]  (no source info available)
V  [jvm.dll+0x6dd1c5]  (no source info available)
V  [jvm.dll+0x6d104a]  (no source info available)
V  [jvm.dll+0x35b3ea]  (no source info available)
V  [jvm.dll+0x3637f6]  (no source info available)
V  [jvm.dll+0x34fd5e]  (no source info available)
V  [jvm.dll+0x34fff8]  (no source info available)
V  [jvm.dll+0x3289cc]  (no source info available)
V  [jvm.dll+0x32966e]  (no source info available)
V  [jvm.dll+0x844355]  (no source info available)
V  [jvm.dll+0x3b9848]  (no source info available)
V  [jvm.dll+0x82d14c]  (no source info available)
V  [jvm.dll+0x454d4e]  (no source info available)
V  [jvm.dll+0x456bd1]  (no source info available)
C  [jli.dll+0x52a3]  (no source info available)
C  [ucrtbase.dll+0x29333]  (no source info available)
C  [KERNEL32.DLL+0x1257d]  (no source info available)
C  [ntdll.dll+0x5af08]  (no source info available)

Lock stack of current Java thread (top to bottom):


---------------  P R O C E S S  ---------------

Threads class SMR info:
_java_thread_list=0x00007ffa966a3618, length=0, elements={
}

Java Threads: ( => current thread )
Total: 0

Other Threads:
  0x00000229cf381590 WorkerThread "GC Thread#0"                     [id=548, stack(0x000000742dd00000,0x000000742de00000) (1024K)]
  0x00000229cf396fd0 ConcurrentGCThread "G1 Main Marker"            [id=11920, stack(0x000000742de00000,0x000000742df00000) (1024K)]
  0x00000229cf398280 WorkerThread "G1 Conc#0"                       [id=4040, stack(0x000000742df00000,0x000000742e000000) (1024K)]

[error occurred during error reporting (printing all threads), id 0xc0000005, EXCEPTION_ACCESS_VIOLATION (0xc0000005) at pc=0x00007ffa95debfba]
VM state: not at safepoint (not fully initialized)

VM Mutex/Monitor currently owned by a thread:  ([mutex/lock_event])
[0x00007ffa96723a10] Heap_lock - owner thread: 0x00000229ccf9f020

Heap address: 0x0000000083200000, size: 1998 MB, Compressed Oops mode: 32-bit

CDS archive(s) mapped at: [0x0000000000000000-0x0000000000000000-0x0000000000000000), size 0, SharedBaseAddress: 0x0000000800000000, ArchiveRelocationMode: 1.
Narrow klass base: 0x0000000000000000, Narrow klass shift: 0, Narrow klass range: 0x0

GC Precious Log:
 CardTable entry size: 512
 Card Set container configuration: InlinePtr #cards 5 size 8 Array Of Cards #cards 10 size 36 Howl #buckets 4 coarsen threshold 1843 Howl Bitmap #cards 512 size 80 coarsen threshold 460 Card regions per heap region 1 cards per card region 2048

Heap:
 garbage-first heap   total reserved 2045952K, committed 0K, used 0K [0x0000000083200000, 0x0000000100000000)
  region size 1024K, 0 young (0K), 0 survivors (0K)

[error occurred during error reporting (printing heap information), id 0xc0000005, EXCEPTION_ACCESS_VIOLATION (0xc0000005) at pc=0x00007ffa961ec3c9]
GC Heap History (0 events):
No events

Dll operation events (1 events):
Event: 0.014 Loaded shared library C:\Program Files\Java\jdk-23\bin\java.dll

Deoptimization events (0 events):
No events

Classes loaded (0 events):
No events

Classes unloaded (0 events):
No events

Classes redefined (0 events):
No events

Internal exceptions (0 events):
No events

VM Operations (0 events):
No events

Memory protections (0 events):
No events

Nmethod flushes (0 events):
No events

Events (0 events):
No events


Dynamic libraries:
0x00007ff7c9850000 - 0x00007ff7c9860000 	C:\Program Files\Java\jdk-23\bin\java.exe
0x00007ffb00b70000 - 0x00007ffb00d87000 	C:\WINDOWS\SYSTEM32\ntdll.dll
0x00007ffaff710000 - 0x00007ffaff7d4000 	C:\WINDOWS\System32\KERNEL32.DLL
0x00007ffafe4e0000 - 0x00007ffafe897000 	C:\WINDOWS\System32\KERNELBASE.dll
0x00007ffafde80000 - 0x00007ffafdf91000 	C:\WINDOWS\System32\ucrtbase.dll
0x00007ffaf56d0000 - 0x00007ffaf56e7000 	C:\Program Files\Java\jdk-23\bin\jli.dll
0x00007ffaf8ea0000 - 0x00007ffaf8ebb000 	C:\Program Files\Java\jdk-23\bin\VCRUNTIME140.dll
0x00007ffb00440000 - 0x00007ffb005ef000 	C:\WINDOWS\System32\USER32.dll
0x00007ffafe4b0000 - 0x00007ffafe4d6000 	C:\WINDOWS\System32\win32u.dll
0x00007ffaff600000 - 0x00007ffaff629000 	C:\WINDOWS\System32\GDI32.dll
0x00007ffafe020000 - 0x00007ffafe138000 	C:\WINDOWS\System32\gdi32full.dll
0x00007ffaec3d0000 - 0x00007ffaec663000 	C:\WINDOWS\WinSxS\amd64_microsoft.windows.common-controls_6595b64144ccf1df_6.0.22621.3672_none_2713b9d173822955\COMCTL32.dll
0x00007ffafe170000 - 0x00007ffafe20a000 	C:\WINDOWS\System32\msvcp_win.dll
0x00007ffafef10000 - 0x00007ffafefb7000 	C:\WINDOWS\System32\msvcrt.dll
0x00007ffafefc0000 - 0x00007ffafeff1000 	C:\WINDOWS\System32\IMM32.DLL
0x00007ffaf8e90000 - 0x00007ffaf8e9c000 	C:\Program Files\Java\jdk-23\bin\vcruntime140_1.dll
0x00007ffac6c60000 - 0x00007ffac6cee000 	C:\Program Files\Java\jdk-23\bin\msvcp140.dll
0x00007ffa95ab0000 - 0x00007ffa967ff000 	C:\Program Files\Java\jdk-23\bin\server\jvm.dll
0x00007ffb00a70000 - 0x00007ffb00b22000 	C:\WINDOWS\System32\ADVAPI32.dll
0x00007ffb00610000 - 0x00007ffb006b8000 	C:\WINDOWS\System32\sechost.dll
0x00007ffafe140000 - 0x00007ffafe168000 	C:\WINDOWS\System32\bcrypt.dll
0x00007ffb00230000 - 0x00007ffb00344000 	C:\WINDOWS\System32\RPCRT4.dll
0x00007ffafeb00000 - 0x00007ffafeb71000 	C:\WINDOWS\System32\WS2_32.dll
0x00007ffafd750000 - 0x00007ffafd79d000 	C:\WINDOWS\SYSTEM32\POWRPROF.dll
0x00007ffaf6250000 - 0x00007ffaf625a000 	C:\WINDOWS\SYSTEM32\VERSION.dll
0x00007ffafa240000 - 0x00007ffafa274000 	C:\WINDOWS\SYSTEM32\WINMM.dll
0x00007ffafd6e0000 - 0x00007ffafd6f3000 	C:\WINDOWS\SYSTEM32\UMPDC.dll
0x00007ffafce90000 - 0x00007ffafcea8000 	C:\WINDOWS\SYSTEM32\kernel.appcore.dll
0x00007ffaf8da0000 - 0x00007ffaf8daa000 	C:\Program Files\Java\jdk-23\bin\jimage.dll
0x00007ffafb2a0000 - 0x00007ffafb4d2000 	C:\WINDOWS\SYSTEM32\DBGHELP.DLL
0x00007ffafeb80000 - 0x00007ffafef0e000 	C:\WINDOWS\System32\combase.dll
0x00007ffaff630000 - 0x00007ffaff707000 	C:\WINDOWS\System32\OLEAUT32.dll
0x00007ffae51d0000 - 0x00007ffae5202000 	C:\WINDOWS\SYSTEM32\dbgcore.DLL
0x00007ffafdfa0000 - 0x00007ffafe01b000 	C:\WINDOWS\System32\bcryptPrimitives.dll
0x00007ffaf6d50000 - 0x00007ffaf6d6e000 	C:\Program Files\Java\jdk-23\bin\java.dll
0x00007ffafe8a0000 - 0x00007ffafea45000 	C:\WINDOWS\System32\ole32.dll
0x00007ffaff9c0000 - 0x00007ffb00229000 	C:\WINDOWS\System32\SHELL32.dll

dbghelp: loaded successfully - version: 4.0.5 - missing functions: none
symbol engine: initialized successfully - sym options: 0x614 - pdb path: .;C:\Program Files\Java\jdk-23\bin;C:\WINDOWS\SYSTEM32;C:\WINDOWS\WinSxS\amd64_microsoft.windows.common-controls_6595b64144ccf1df_6.0.22621.3672_none_2713b9d173822955;C:\Program Files\Java\jdk-23\bin\server

VM Arguments:
java_command: com.oop.oop.main
java_class_path (initial): C:\Users\yaple\Documents\NetBeansProjects\OOP\target\classes
Launcher Type: SUN_STANDARD

[Global flags]
     intx CICompilerCount                          = 3                                         {product} {ergonomic}
     uint ConcGCThreads                            = 1                                         {product} {ergonomic}
     uint G1ConcRefinementThreads                  = 4                                         {product} {ergonomic}
   size_t G1HeapRegionSize                         = 1048576                                   {product} {ergonomic}
   size_t InitialHeapSize                          = 132120576                                 {product} {ergonomic}
   size_t MarkStackSize                            = 4194304                                   {product} {ergonomic}
   size_t MarkStackSizeMax                         = 536870912                                 {product} {ergonomic}
   size_t MaxHeapSize                              = 2095054848                                {product} {ergonomic}
   size_t MinHeapDeltaBytes                        = 1048576                                   {product} {ergonomic}
   size_t MinHeapSize                              = 8388608                                   {product} {ergonomic}
    uintx NonNMethodCodeHeapSize                   = 5832704                                {pd product} {ergonomic}
    uintx NonProfiledCodeHeapSize                  = 122945536                              {pd product} {ergonomic}
    uintx ProfiledCodeHeapSize                     = 122880000                              {pd product} {ergonomic}
    uintx ReservedCodeCacheSize                    = 251658240                              {pd product} {ergonomic}
     bool SegmentedCodeCache                       = true                                      {product} {ergonomic}
   size_t SoftMaxHeapSize                          = 2095054848                             {manageable} {ergonomic}
     bool UseCompressedOops                        = true                           {product lp64_product} {ergonomic}
     bool UseG1GC                                  = true                                      {product} {ergonomic}
     bool UseLargePagesIndividualAllocation        = false                                  {pd product} {ergonomic}

Logging:
Log output configuration:
 #0: stdout all=warning uptime,level,tags foldmultilines=false
 #1: stderr all=off uptime,level,tags foldmultilines=false

Environment Variables:
JAVA_HOME=C:\Program Files\Java\jdk-23
PATH=C:\Program Files\Common Files\Oracle\Java\javapath;C:\Program Files (x86)\Common Files\Oracle\Java\javapath;C:\Windows\System32\HWAudioDriverLibs;C:\Windows\system32;C:\Windows;C:\Windows\System32\Wbem;C:\Windows\System32\WindowsPowerShell\v1.0\;C:\Windows\System32\OpenSSH\;C:\Users\Administrator\AppData\Local\Microsoft\WindowsApps;C:\Program Files\dotnet\;C:\WINDOWS\system32;C:\WINDOWS;C:\WINDOWS\System32\Wbem;C:\WINDOWS\System32\WindowsPowerShell\v1.0\;C:\WINDOWS\System32\OpenSSH\;C:\Program Files\Java\jdk-21\bin;C:\laragon\bin\php\php-8.3.12-nts-Win32-vs16-x64;C:\ProgramData\ComposerSetup\bin;C:\Program Files\nodejs\;C:\Users\yaple\AppData\Local\Microsoft\WindowsApps;C:\Users\yaple\AppData\Local\Programs\Microsoft VS Code\bin;C:\Users\yaple\AppData\Roaming\npm
USERNAME=yaple
OS=Windows_NT
PROCESSOR_IDENTIFIER=Intel64 Family 6 Model 140 Stepping 1, GenuineIntel
TMP=C:\Users\yaple\AppData\Local\Temp
TEMP=C:\Users\yaple\AppData\Local\Temp




Periodic native trim disabled

---------------  S Y S T E M  ---------------

OS:
 Windows 11 , 64 bit Build 22621 (10.0.22621.3958)
OS uptime: 8 days 5:10 hours
Hyper-V role detected

CPU: total 4 (initial active 4) (2 cores per cpu, 2 threads per core) family 6 model 140 stepping 1 microcode 0x8a, cx8, cmov, fxsr, ht, mmx, 3dnowpref, sse, sse2, sse3, ssse3, sse4.1, sse4.2, popcnt, lzcnt, tsc, tscinvbit, avx, avx2, aes, erms, clmul, bmi1, bmi2, adx, avx512f, avx512dq, avx512cd, avx512bw, avx512vl, sha, fma, vzeroupper, avx512_vpopcntdq, avx512_vpclmulqdq, avx512_vaes, avx512_vnni, clflush, clflushopt, clwb, avx512_vbmi2, avx512_vbmi, hv, rdtscp, rdpid, fsrm, gfni, avx512_bitalg, f16c, cet_ibt, cet_ss, avx512_ifma
Processor Information for the first 4 processors :
  Max Mhz: 2995, Current Mhz: 2995, Mhz Limit: 2995

Memory: 4k page, system-wide physical 7991M (670M free)
TotalPageFile size 21133M (AvailPageFile size 35M)
current process WorkingSet (physical memory assigned to process): 12M, peak: 12M
current process commit charge ("private bytes"): 52M, peak: 178M

vm_info: Java HotSpot(TM) 64-Bit Server VM (23.0.1+11-39) for windows-amd64 JRE (23.0.1+11-39), built on 2024-09-30T07:20:43Z with MS VC++ 17.6 (VS2022)

END.
